  globals.cpp
  gui.cpp
  Hooks.cpp
  imgui.cpp
  imgui_demo.cpp
  imgui_draw.cpp
  imgui_impl_dx9.cpp
  imgui_impl_win32.cpp
  imgui_tables.cpp
  imgui_widgets.cpp
  JNI.cpp
  main.cpp
C:\Users\hyzh\source\repos\INTLS\CMinecraft.h(39,1): warning C4715: 'CMinecraft::Init': not all control paths return a value
C:\Users\hyzh\source\repos\INTLS\CRobot.h(32,1): warning C4715: 'CRobot::Init': not all control paths return a value
C:\Users\hyzh\source\repos\INTLS\CRobot.h(32,1): warning C4715: 'CRobot::Init': not all control paths return a value
C:\Users\hyzh\source\repos\INTLS\CMinecraft.h(39,1): warning C4715: 'CMinecraft::Init': not all control paths return a value
  libMinHook.x64.lib(hook.obj) : MSIL .netmodule or module compiled with /GL found; restarting link with /LTCG; add /LTCG to the link command line to improve linker performance
LINK : warning LNK4075: ignoring '/INCREMENTAL' due to '/LTCG' specification
LINK : warning LNK4098: defaultlib 'LIBCMT' conflicts with use of other libs; use /NODEFAULTLIB:library
  Generating code
  Finished generating code
  INTLS.vcxproj -> C:\Users\hyzh\source\repos\INTLS\x64\Debug\INTLS.dll
  'pwsh.exe' is not recognized as an internal or external command,
  operable program or batch file.
